<?xml version="1.0" encoding="UTF-8"?>
<!-- Generated by org.testng.reporters.JUnitXMLReporter -->
<testsuite ignored="0" hostname="DESKTOP-QNLUE6E" failures="0" tests="5" name="Test" time="54.917" errors="0" timestamp="2022-08-22T23:04:40 IST">
  <testcase classname="testCases.Tc_VideoGames" name="test_GetAllVideoGames" time="48.253"/>
  <testcase classname="testCases.Tc_VideoGames" name="test_addnewVideoGame" time="3.255"/>
  <testcase classname="testCases.Tc_VideoGames" name="test_getVideoGame" time="2.934"/>
  <testcase classname="testCases.Tc_VideoGames" name="test_updatevideogame" time="0.155"/>
  <testcase classname="testCases.Tc_VideoGames" name="test_deleteVideogame" time="0.037"/>
</testsuite> <!-- Test -->
