<?xml version="1.0" encoding="UTF-8"?>
<!-- Generated by org.testng.reporters.JUnitXMLReporter -->
<testsuite ignored="0" hostname="DESKTOP-QNLUE6E" failures="0" tests="5" name="Test" time="95.542" errors="0" timestamp="2022-08-22T23:44:59 IST">
  <testcase classname="testCases.Tc_VideoGames" name="test_GetAllVideoGames" time="72.139"/>
  <testcase classname="testCases.Tc_VideoGames" name="test_addnewVideoGame" time="14.163"/>
  <testcase classname="testCases.Tc_VideoGames" name="test_getVideoGame" time="5.862"/>
  <testcase classname="testCases.Tc_VideoGames" name="test_updatevideogame" time="0.184"/>
  <testcase classname="testCases.Tc_VideoGames" name="test_deleteVideogame" time="3.045"/>
</testsuite> <!-- Test -->
