<?xml version="1.0" encoding="UTF-8"?>
<testsuite xmlns:xsi="http://www.w3.org/2001/XMLSchema-instance" xsi:noNamespaceSchemaLocation="https://maven.apache.org/surefire/maven-surefire-plugin/xsd/surefire-test-report-3.0.xsd" version="3.0" name="TestSuite" time="103.417" tests="5" errors="0" skipped="0" failures="0">
  <properties>
[...]
</properties>
  <testcase name="test_GetAllVideoGames" classname="testCases.Tc_VideoGames" time="72.142">
    <system-err><![CDATA[SLF4J: Failed to load class "org.slf4j.impl.StaticLoggerBinder".
SLF4J: Defaulting to no-operation (NOP) logger implementation
SLF4J: See http://www.slf4j.org/codes.html#StaticLoggerBinder for further details.
]]></system-err>
  </testcase>
  <testcase name="test_addnewVideoGame" classname="testCases.Tc_VideoGames" time="14.19">
    <system-out><![CDATA[{"status": "Record Added Successfully"}
]]></system-out>
    <system-err><![CDATA[[Fatal Error] :1:1: Content is not allowed in prolog.
]]></system-err>
  </testcase>
  <testcase name="test_getVideoGame" classname="testCases.Tc_VideoGames" time="5.837">
    <system-out><![CDATA[<videoGame rating="Universal">
  <id>100</id>
  <name>Spider-man</name>
  <releaseDate>2022-08-22T00:00:00+05:30</releaseDate>
  <reviewScore>5</reviewScore>
</videoGame>
]]></system-out>
  </testcase>
  <testcase name="test_updatevideogame" classname="testCases.Tc_VideoGames" time="0.184">
    <system-out><![CDATA[<videoGame rating="Universal">
  <id>100</id>
  <name>Bat-man</name>
  <releaseDate>2022-08-22T00:00:00+05:30</releaseDate>
  <reviewScore>4</reviewScore>
</videoGame>
]]></system-out>
  </testcase>
  <testcase name="test_deleteVideogame" classname="testCases.Tc_VideoGames" time="3.045">
    <system-out><![CDATA[{"status": "Record Deleted Successfully"}
]]></system-out>
    <system-err><![CDATA[[Fatal Error] :1:1: Content is not allowed in prolog.
]]></system-err>
  </testcase>
</testsuite>