<?xml version="1.0" encoding="UTF-8"?>
<testng-results ignored="0" total="5" passed="5" failed="0" skipped="0">
  <reporter-output>
  </reporter-output>
  <suite started-at="2022-08-22T23:43:22 IST" name="Suite" finished-at="2022-08-22T23:44:58 IST" duration-ms="95542">
    <groups>
    </groups>
    <test started-at="2022-08-22T23:43:22 IST" name="Test" finished-at="2022-08-22T23:44:58 IST" duration-ms="95542">
      <class name="testCases.Tc_VideoGames">
        <test-method signature="test_GetAllVideoGames()[pri:1, instance:testCases.Tc_VideoGames@5403f35f]" started-at="2022-08-22T23:43:22 IST" name="test_GetAllVideoGames" finished-at="2022-08-22T23:44:34 IST" duration-ms="72139" status="PASS">
          <reporter-output>
          </reporter-output>
        </test-method> <!-- test_GetAllVideoGames -->
        <test-method signature="test_addnewVideoGame()[pri:2, instance:testCases.Tc_VideoGames@5403f35f]" started-at="2022-08-22T23:44:34 IST" name="test_addnewVideoGame" finished-at="2022-08-22T23:44:48 IST" duration-ms="14163" status="PASS">
          <reporter-output>
          </reporter-output>
        </test-method> <!-- test_addnewVideoGame -->
        <test-method signature="test_getVideoGame()[pri:3, instance:testCases.Tc_VideoGames@5403f35f]" started-at="2022-08-22T23:44:48 IST" name="test_getVideoGame" finished-at="2022-08-22T23:44:54 IST" duration-ms="5862" status="PASS">
          <reporter-output>
          </reporter-output>
        </test-method> <!-- test_getVideoGame -->
        <test-method signature="test_updatevideogame()[pri:4, instance:testCases.Tc_VideoGames@5403f35f]" started-at="2022-08-22T23:44:54 IST" name="test_updatevideogame" finished-at="2022-08-22T23:44:55 IST" duration-ms="184" status="PASS">
          <reporter-output>
          </reporter-output>
        </test-method> <!-- test_updatevideogame -->
        <test-method signature="test_deleteVideogame()[pri:5, instance:testCases.Tc_VideoGames@5403f35f]" started-at="2022-08-22T23:44:55 IST" name="test_deleteVideogame" finished-at="2022-08-22T23:44:58 IST" duration-ms="3045" status="PASS">
          <reporter-output>
          </reporter-output>
        </test-method> <!-- test_deleteVideogame -->
      </class> <!-- testCases.Tc_VideoGames -->
    </test> <!-- Test -->
  </suite> <!-- Suite -->
</testng-results>
