<?xml version="1.0" encoding="UTF-8"?>
<testng-results ignored="0" total="5" passed="5" failed="0" skipped="0">
  <reporter-output>
  </reporter-output>
  <suite started-at="2022-08-22T23:03:45 IST" name="Suite" finished-at="2022-08-22T23:04:40 IST" duration-ms="54917">
    <groups>
    </groups>
    <test started-at="2022-08-22T23:03:45 IST" name="Test" finished-at="2022-08-22T23:04:40 IST" duration-ms="54917">
      <class name="testCases.Tc_VideoGames">
        <test-method signature="test_GetAllVideoGames()[pri:1, instance:testCases.Tc_VideoGames@543588e6]" started-at="2022-08-22T23:03:45 IST" name="test_GetAllVideoGames" finished-at="2022-08-22T23:04:34 IST" duration-ms="48253" status="PASS">
          <reporter-output>
          </reporter-output>
        </test-method> <!-- test_GetAllVideoGames -->
        <test-method signature="test_addnewVideoGame()[pri:2, instance:testCases.Tc_VideoGames@543588e6]" started-at="2022-08-22T23:04:34 IST" name="test_addnewVideoGame" finished-at="2022-08-22T23:04:37 IST" duration-ms="3255" status="PASS">
          <reporter-output>
          </reporter-output>
        </test-method> <!-- test_addnewVideoGame -->
        <test-method signature="test_getVideoGame()[pri:3, instance:testCases.Tc_VideoGames@543588e6]" started-at="2022-08-22T23:04:37 IST" name="test_getVideoGame" finished-at="2022-08-22T23:04:40 IST" duration-ms="2934" status="PASS">
          <reporter-output>
          </reporter-output>
        </test-method> <!-- test_getVideoGame -->
        <test-method signature="test_updatevideogame()[pri:4, instance:testCases.Tc_VideoGames@543588e6]" started-at="2022-08-22T23:04:40 IST" name="test_updatevideogame" finished-at="2022-08-22T23:04:40 IST" duration-ms="155" status="PASS">
          <reporter-output>
          </reporter-output>
        </test-method> <!-- test_updatevideogame -->
        <test-method signature="test_deleteVideogame()[pri:5, instance:testCases.Tc_VideoGames@543588e6]" started-at="2022-08-22T23:04:40 IST" name="test_deleteVideogame" finished-at="2022-08-22T23:04:40 IST" duration-ms="37" status="PASS">
          <reporter-output>
          </reporter-output>
        </test-method> <!-- test_deleteVideogame -->
      </class> <!-- testCases.Tc_VideoGames -->
    </test> <!-- Test -->
  </suite> <!-- Suite -->
</testng-results>
